2024-07-22 14:36:41: {"action":"place"}
2024-07-22 14:38:18: {"action":"place"}
2024-07-22 14:39:25: {"action":"place"}
2024-07-22 14:39:31: {"action":"searchPlace","place":""}
2024-07-22 14:39:36: {"action":"searchId","id":"3"}
2024-07-22 14:39:45: {"action":"place"}
2024-07-22 14:45:51: {"action":"place"}
2024-07-22 14:46:02: {"action":"searchPlace","place":"테스트"}
2024-07-22 14:46:04: {"action":"searchId","id":"3"}
2024-07-22 14:46:15: {"action":"searchPlace","place":"테스트"}
2024-07-22 14:46:18: {"action":"place"}
2024-07-22 14:53:45: {"action":"place"}
2024-07-22 14:54:20: {"action":"place"}
2024-07-22 14:54:29: {"action":"place"}
2024-07-22 15:06:44: {"action":"place"}
2024-07-22 15:21:39: {"action":"place"}
2024-07-22 15:58:17: {"action":"place"}
2024-07-22 16:01:41: {"action":"place"}
2024-07-22 16:01:49: {"action":"place"}
2024-07-22 16:01:55: {"action":"place"}
2024-07-22 16:04:26: {"action":"place"}
2024-07-22 16:04:59: {"action":"place"}
2024-07-22 16:12:53: {"action":"place"}
2024-07-22 16:12:54: {"action":"place"}
2024-07-22 16:12:55: {"action":"place"}
2024-07-22 16:13:11: {"action":"searchPlace","place":""}
2024-07-22 16:13:26: {"action":"place"}
2024-07-22 16:14:33: {"action":"place"}
2024-07-22 16:18:10: {"action":"place"}
2024-07-22 17:18:50: {"action":"place"}
2024-07-22 17:26:40: {"action":"place"}
2024-07-22 17:26:49: {"action":"searchPlace","place":""}
2024-07-22 17:26:51: {"action":"searchId","id":"3"}
2024-07-22 17:28:44: {"action":"place"}
2024-07-22 17:28:57: {"action":"place"}
2024-07-22 17:31:13: {"action":"place"}
2024-07-22 17:31:14: 
2024-07-22 17:33:34: {"action":"place"}
2024-07-22 17:33:34: 
2024-07-22 18:00:13: {"action":"place"}
2024-07-22 18:00:14: stationId=156
2024-07-22 18:05:12: {"action":"place"}
2024-07-22 18:05:12: stationId=156
2024-07-22 18:05:15: stationId=156
2024-07-22 18:05:16: stationId=156
2024-07-22 18:05:16: stationId=156
2024-07-22 18:05:16: stationId=156
2024-07-22 18:05:59: {"action":"place"}
2024-07-22 18:06:01: stationId=156
2024-07-22 18:07:07: {"action":"place"}
2024-07-22 18:07:08: stationId=156
2024-07-22 18:10:50: {"action":"place"}
2024-07-22 18:10:57: stationId=156
2024-07-22 18:10:58: stationId=156
2024-07-23 10:27:34: {"action":"place"}
2024-07-23 10:27:36: stationId=156
2024-07-23 10:31:53: {"action":"place"}
2024-07-23 10:31:54: stationId=156
2024-07-23 10:32:46: {"action":"place"}
2024-07-23 10:32:47: stationId=156
2024-07-23 10:35:10: {"action":"place"}
2024-07-23 10:35:11: stationId=156
2024-07-23 10:35:27: {"action":"place"}
2024-07-23 10:35:28: stationId=156
2024-07-23 10:35:47: {"action":"place"}
2024-07-23 10:35:50: {"action":"place"}
2024-07-23 10:35:50: {"action":"place"}
2024-07-23 10:35:56: {"action":"searchPlace","place":"테스트"}
2024-07-23 10:36:02: {"action":"place"}
2024-07-23 10:36:06: {"action":"searchPlace","place":""}
2024-07-23 10:36:21: stationId=156
2024-07-23 10:36:51: {"action":"place"}
2024-07-23 10:36:52: stationId=156
2024-07-23 10:37:33: {"action":"save","data":{"date_data":"2024-07-23 10:37","location_name":"asdf","save_location":"35.05726, 126.76241","station_id":156,"kma_data":{"Date":"2024-07-23 10:00:00","WS":2.5,"TA":28.3,"HM":73,"CA_TOT":8,"SI":161},"noaa_data":["2024-07-22 21:00:00","2.00","7","8"],"manual_datas":{"SI":"","TA":"","WS":"","CA":"","HM":"","PVCT":""}}}
2024-07-23 10:37:34: {"action":"place"}
2024-07-23 10:38:17: {"action":"place"}
2024-07-23 10:38:29: {"action":"place"}
2024-07-23 10:38:31: stationId=156
2024-07-23 10:39:31: {"action":"place"}
2024-07-23 10:39:36: stationId=156
2024-07-23 10:41:53: {"action":"place"}
2024-07-23 10:41:59: {"action":"place"}
2024-07-23 10:53:10: {"action":"place"}
2024-07-23 10:53:21: stationId=156
2024-07-23 10:54:57: {"action":"place"}
2024-07-23 10:55:09: {"action":"place"}
2024-07-23 10:57:28: {"action":"place"}
2024-07-23 10:57:31: {"action":"place"}
2024-07-23 11:00:56: {"action":"place"}
2024-07-23 11:01:30: stationId=156
2024-07-23 11:02:51: {"action":"place"}
2024-07-23 11:02:58: stationId=156
2024-07-23 11:03:50: {"action":"place"}
2024-07-23 11:03:51: stationId=156
2024-07-23 11:03:59: stationId=156
2024-07-23 11:04:00: stationId=156
2024-07-23 11:04:01: stationId=156
2024-07-23 11:04:01: stationId=156
2024-07-23 11:04:02: stationId=156
2024-07-23 11:06:04: stationId=156
2024-07-23 11:06:05: stationId=156
2024-07-23 11:08:02: {"action":"place"}
2024-07-23 11:08:03: stationId=156
2024-07-23 11:23:19: {"action":"searchPlace","place":""}
2024-07-23 11:42:07: stationId=156
2024-07-23 11:42:35: {"action":"place"}
2024-07-23 11:44:34: {"action":"place"}
2024-07-23 11:45:34: {"action":"place"}
2024-07-23 11:45:35: {"action":"place"}
2024-07-23 11:46:45: {"action":"place"}
2024-07-23 11:46:47: {"action":"place"}
2024-07-23 11:48:23: {"action":"place"}
2024-07-23 11:48:24: {"action":"place"}
2024-07-23 11:48:32: {"action":"place"}
2024-07-23 11:48:43: {"action":"place"}
2024-07-23 11:48:53: {"action":"place"}
2024-07-23 11:48:54: {"action":"place"}
2024-07-23 11:48:54: {"action":"place"}
2024-07-23 11:49:44: {"action":"place"}
2024-07-23 11:49:45: {"action":"place"}
2024-07-23 11:50:13: {"action":"place"}
2024-07-23 11:52:22: {"action":"place"}
2024-07-23 11:54:04: {"action":"place"}
2024-07-23 11:54:05: {"action":"place"}
2024-07-23 11:54:05: {"action":"place"}
2024-07-23 11:54:05: {"action":"place"}
2024-07-23 11:54:29: {"action":"place"}
2024-07-23 11:54:30: {"action":"place"}
2024-07-23 11:55:18: {"action":"place"}
2024-07-23 11:55:42: {"action":"place"}
2024-07-23 11:55:46: stationId=156
2024-07-23 12:31:27: {"action":"save","data":{"date_data":"2024-07-23 12:31","location_name":"test","save_location":"35.02034, 126.77896","station_id":156,"kma_data":{"Date":"2024-07-23 11:00:00","WS":2.6,"TA":29.1,"HM":70,"CA_TOT":8,"SI":228},"noaa_data":["2024-07-22 21:00:00","2.00","7","8"],"manual_datas":{"SI":"1","TA":"1","WS":"1","CA":"1","HM":"1","PVCT":"중"}}}
2024-07-23 12:31:29: {"action":"place"}
2024-07-23 12:31:35: stationId=156
2024-07-23 12:31:36: {"action":"searchPlace","place":""}
2024-07-23 12:31:50: {"action":"save","data":{"date_data":"2024-07-23 12:31","location_name":"test","save_location":"35.02033, 126.77896","station_id":156,"kma_data":{"Date":"2024-07-23 12:00:00","WS":1.7,"TA":29.3,"HM":68,"CA_TOT":8,"SI":294},"noaa_data":["2024-07-23 00:00:00","1.00","4","8"],"manual_datas":{"SI":"2","TA":"2","WS":"2","CA":"2","HM":"2","PVCT":"하"}}}
2024-07-23 12:31:52: {"action":"place"}
2024-07-23 12:31:55: {"action":"searchPlace","place":""}
2024-07-23 12:32:00: {"action":"searchPlace","place":"test"}
2024-07-23 12:33:35: {"action":"searchPlace","place":"test"}
2024-07-23 12:33:39: {"action":"place"}
2024-07-23 12:33:42: {"action":"searchPlace","place":"test"}
2024-07-23 12:34:35: {"action":"place"}
2024-07-23 12:34:40: {"action":"place"}
2024-07-23 12:34:42: stationId=156
2024-07-23 12:34:51: {"action":"searchPlace","place":"test"}
2024-07-23 12:35:22: {"action":"place"}
2024-07-23 12:35:25: stationId=156
2024-07-23 12:35:31: {"action":"searchPlace","place":"test"}
2024-07-23 12:38:22: {"action":"place"}
2024-07-23 12:38:25: stationId=156
2024-07-23 12:38:30: {"action":"searchPlace","place":"test"}
2024-07-23 12:38:44: {"action":"searchPlace","place":"발전소"}
2024-07-23 12:38:56: {"action":"save","data":{"date_data":"2024-07-23 12:38","location_name":"발전소","save_location":"35.02345, 126.79069","station_id":156,"kma_data":{"Date":"2024-07-23 12:00:00","WS":1.7,"TA":29.3,"HM":68,"CA_TOT":8,"SI":294},"noaa_data":["2024-07-23 00:00:00","1.00","4","8"],"manual_datas":{"SI":"1","TA":"1","WS":"11","CA":"1","HM":"1","PVCT":"상"}}}
2024-07-23 12:38:57: {"action":"place"}
2024-07-23 12:39:00: {"action":"searchPlace","place":"발전소"}
2024-07-23 12:40:36: {"action":"place"}
2024-07-23 12:40:39: stationId=156
2024-07-23 12:40:42: {"action":"searchPlace","place":"발전소"}
2024-07-23 13:24:51: {"action":"place"}
2024-07-23 13:24:53: {"action":"searchPlace","place":"test"}
2024-07-23 13:27:22: {"action":"place"}
2024-07-23 13:27:25: {"action":"searchPlace","place":"test"}
2024-07-23 13:27:29: {"action":"searchPlace","place":"발전소"}
2024-07-23 13:27:31: {"action":"searchId","id":"3"}
2024-07-23 13:27:32: {"action":"place"}
